<?xml version="1.0" encoding="UTF-8"?>
<testsuite xmlns:xsi="http://www.w3.org/2001/XMLSchema-instance" xsi:noNamespaceSchemaLocation="https://maven.apache.org/surefire/maven-surefire-plugin/xsd/surefire-test-report-3.0.xsd" version="3.0" name="org.example.AppTest" time="0.074" tests="3" errors="0" skipped="0" failures="0">
  <properties>
[...]
</properties>
  <testcase name="testCriacaoProdutoValido" classname="org.example.AppTest" time="0.035"/>
  <testcase name="testCriacaoProdutoPrecoNegativo" classname="org.example.AppTest" time="0.002"/>
  <testcase name="testCriacaoProdutoEstoqueNegativo" classname="org.example.AppTest" time="0.001"/>
</testsuite>